2017-03-31 16:23:06.741055 GET / 200 Traceback (most recent call last):
  File "/Users/aemaeth/GitHub/short/lib/python3.5/site-packages/falcon/api.py", line 189, in __call__
    responder(req, resp, **params)
  File "/Users/aemaeth/GitHub/short-url/handler.py", line 52, in on_get
    raise falcon.HTTPError(falcon.HTTP_400, 'fuck off')
falcon.http_error.HTTPError: ('400 Bad Request', 'fuck off')
 
_________________________
2017-03-31 16:23:07.211305 GET /favicon.ico 200 Traceback (most recent call last):
  File "/Users/aemaeth/GitHub/short/lib/python3.5/site-packages/falcon/api.py", line 189, in __call__
    responder(req, resp, **params)
  File "/Users/aemaeth/GitHub/short-url/handler.py", line 45, in on_get
    raw = str(data['raw'])
TypeError: 'NoneType' object is not subscriptable
 
_________________________
2017-03-31 16:23:23.365637 GET /313 200 Traceback (most recent call last):
  File "/Users/aemaeth/GitHub/short/lib/python3.5/site-packages/falcon/api.py", line 189, in __call__
    responder(req, resp, **params)
  File "/Users/aemaeth/GitHub/short-url/handler.py", line 45, in on_get
    raw = str(data['raw'])
TypeError: 'NoneType' object is not subscriptable
 
_________________________
2017-03-31 16:23:23.709595 GET /favicon.ico 200 Traceback (most recent call last):
  File "/Users/aemaeth/GitHub/short/lib/python3.5/site-packages/falcon/api.py", line 189, in __call__
    responder(req, resp, **params)
  File "/Users/aemaeth/GitHub/short-url/handler.py", line 45, in on_get
    raw = str(data['raw'])
TypeError: 'NoneType' object is not subscriptable
 
_________________________
